<?xml version="1.0" encoding="UTF-8"?>
<checkstyle version="6.10.1">
<file name="C:\Projects\Java\WebGoat-Legacy-master\src\main\java\org\owasp\webgoat\lessons\model\Hint.java">
<error line="0" severity="error" message="File does not end with a newline." source="com.puppycrawl.tools.checkstyle.checks.NewlineAtEndOfFileCheck"/>
<error line="0" severity="error" message="Missing package-info.java file." source="com.puppycrawl.tools.checkstyle.checks.javadoc.JavadocPackageCheck"/>
<error line="2" severity="error" message="Line is longer than 80 characters (found 100)." source="com.puppycrawl.tools.checkstyle.checks.sizes.LineLengthCheck"/>
<error line="39" column="5" severity="error" message="Missing a Javadoc comment." source="com.puppycrawl.tools.checkstyle.checks.javadoc.JavadocVariableCheck"/>
<error line="40" column="5" severity="error" message="Missing a Javadoc comment." source="com.puppycrawl.tools.checkstyle.checks.javadoc.JavadocVariableCheck"/>
<error line="41" column="5" severity="error" message="Missing a Javadoc comment." source="com.puppycrawl.tools.checkstyle.checks.javadoc.JavadocVariableCheck"/>
<error line="42" column="5" severity="error" message="Missing a Javadoc comment." source="com.puppycrawl.tools.checkstyle.checks.javadoc.JavadocVariableCheck"/>
<error line="47" column="5" severity="error" message="Method &apos;getHint&apos; is not designed for extension - needs to be abstract, final or empty." source="com.puppycrawl.tools.checkstyle.checks.design.DesignForExtensionCheck"/>
<error line="54" column="5" severity="error" message="Method &apos;setHint&apos; is not designed for extension - needs to be abstract, final or empty." source="com.puppycrawl.tools.checkstyle.checks.design.DesignForExtensionCheck"/>
<error line="54" column="25" severity="error" message="Parameter hint should be final." source="com.puppycrawl.tools.checkstyle.checks.FinalParametersCheck"/>
<error line="54" column="32" severity="error" message="&apos;hint&apos; hides a field." source="com.puppycrawl.tools.checkstyle.checks.coding.HiddenFieldCheck"/>
<error line="61" column="5" severity="error" message="Method &apos;getLesson&apos; is not designed for extension - needs to be abstract, final or empty." source="com.puppycrawl.tools.checkstyle.checks.design.DesignForExtensionCheck"/>
<error line="68" column="5" severity="error" message="Method &apos;setLesson&apos; is not designed for extension - needs to be abstract, final or empty." source="com.puppycrawl.tools.checkstyle.checks.design.DesignForExtensionCheck"/>
<error line="68" column="27" severity="error" message="Parameter lesson should be final." source="com.puppycrawl.tools.checkstyle.checks.FinalParametersCheck"/>
<error line="68" column="34" severity="error" message="&apos;lesson&apos; hides a field." source="com.puppycrawl.tools.checkstyle.checks.coding.HiddenFieldCheck"/>
<error line="75" column="5" severity="error" message="Method &apos;getNumber&apos; is not designed for extension - needs to be abstract, final or empty." source="com.puppycrawl.tools.checkstyle.checks.design.DesignForExtensionCheck"/>
<error line="82" column="5" severity="error" message="Method &apos;setNumber&apos; is not designed for extension - needs to be abstract, final or empty." source="com.puppycrawl.tools.checkstyle.checks.design.DesignForExtensionCheck"/>
<error line="82" column="27" severity="error" message="Parameter number should be final." source="com.puppycrawl.tools.checkstyle.checks.FinalParametersCheck"/>
<error line="82" column="31" severity="error" message="&apos;number&apos; hides a field." source="com.puppycrawl.tools.checkstyle.checks.coding.HiddenFieldCheck"/>
<error line="89" column="5" severity="error" message="Method &apos;isViewed&apos; is not designed for extension - needs to be abstract, final or empty." source="com.puppycrawl.tools.checkstyle.checks.design.DesignForExtensionCheck"/>
<error line="96" column="5" severity="error" message="Method &apos;setViewed&apos; is not designed for extension - needs to be abstract, final or empty." source="com.puppycrawl.tools.checkstyle.checks.design.DesignForExtensionCheck"/>
<error line="96" column="27" severity="error" message="Parameter viewed should be final." source="com.puppycrawl.tools.checkstyle.checks.FinalParametersCheck"/>
<error line="96" column="35" severity="error" message="&apos;viewed&apos; hides a field." source="com.puppycrawl.tools.checkstyle.checks.coding.HiddenFieldCheck"/>
</file>
</checkstyle>
