<?xml version="1.0" encoding="UTF-8"?>
<checkstyle version="6.10.1">
<file name="C:\Projects\Java\WebGoat-Legacy-master\src\main\java\org\owasp\webgoat\lessons\model\RequestParameter.java">
<error line="0" severity="error" message="Missing package-info.java file." source="com.puppycrawl.tools.checkstyle.checks.javadoc.JavadocPackageCheck"/>
<error line="2" severity="error" message="Line is longer than 80 characters (found 100)." source="com.puppycrawl.tools.checkstyle.checks.sizes.LineLengthCheck"/>
<error line="26" severity="error" message="Line is longer than 80 characters (found 96)." source="com.puppycrawl.tools.checkstyle.checks.sizes.LineLengthCheck"/>
<error line="39" column="5" severity="error" message="Missing a Javadoc comment." source="com.puppycrawl.tools.checkstyle.checks.javadoc.JavadocVariableCheck"/>
<error line="40" column="5" severity="error" message="Missing a Javadoc comment." source="com.puppycrawl.tools.checkstyle.checks.javadoc.JavadocVariableCheck"/>
<error line="42" column="5" severity="error" message="Missing a Javadoc comment." source="com.puppycrawl.tools.checkstyle.checks.javadoc.JavadocMethodCheck"/>
<error line="42" column="29" severity="error" message="Parameter name should be final." source="com.puppycrawl.tools.checkstyle.checks.FinalParametersCheck"/>
<error line="42" column="36" severity="error" message="&apos;name&apos; hides a field." source="com.puppycrawl.tools.checkstyle.checks.coding.HiddenFieldCheck"/>
<error line="42" column="42" severity="error" message="Parameter value should be final." source="com.puppycrawl.tools.checkstyle.checks.FinalParametersCheck"/>
<error line="42" column="49" severity="error" message="&apos;value&apos; hides a field." source="com.puppycrawl.tools.checkstyle.checks.coding.HiddenFieldCheck"/>
<error line="50" column="5" severity="error" message="Method &apos;getName&apos; is not designed for extension - needs to be abstract, final or empty." source="com.puppycrawl.tools.checkstyle.checks.design.DesignForExtensionCheck"/>
<error line="57" column="5" severity="error" message="Method &apos;getValue&apos; is not designed for extension - needs to be abstract, final or empty." source="com.puppycrawl.tools.checkstyle.checks.design.DesignForExtensionCheck"/>
<error line="61" column="5" severity="error" message="Method &apos;compareTo&apos; is not designed for extension - needs to be abstract, final or empty." source="com.puppycrawl.tools.checkstyle.checks.design.DesignForExtensionCheck"/>
<error line="62" column="26" severity="error" message="Parameter o should be final." source="com.puppycrawl.tools.checkstyle.checks.FinalParametersCheck"/>
</file>
</checkstyle>
