<?xml version="1.0" encoding="UTF-8"?>
<checkstyle version="6.10.1">
<file name="C:\Projects\Java\WebGoat-Legacy-master\src\main\java\org\owasp\webgoat\lessons\model\LessonMenuItem.java">
<error line="0" severity="error" message="File does not end with a newline." source="com.puppycrawl.tools.checkstyle.checks.NewlineAtEndOfFileCheck"/>
<error line="0" severity="error" message="Missing package-info.java file." source="com.puppycrawl.tools.checkstyle.checks.javadoc.JavadocPackageCheck"/>
<error line="2" severity="error" message="Line is longer than 80 characters (found 100)." source="com.puppycrawl.tools.checkstyle.checks.sizes.LineLengthCheck"/>
<error line="42" column="5" severity="error" message="Missing a Javadoc comment." source="com.puppycrawl.tools.checkstyle.checks.javadoc.JavadocVariableCheck"/>
<error line="43" column="5" severity="error" message="Missing a Javadoc comment." source="com.puppycrawl.tools.checkstyle.checks.javadoc.JavadocVariableCheck"/>
<error line="44" column="5" severity="error" message="Missing a Javadoc comment." source="com.puppycrawl.tools.checkstyle.checks.javadoc.JavadocVariableCheck"/>
<error line="45" column="5" severity="error" message="Missing a Javadoc comment." source="com.puppycrawl.tools.checkstyle.checks.javadoc.JavadocVariableCheck"/>
<error line="46" column="5" severity="error" message="Missing a Javadoc comment." source="com.puppycrawl.tools.checkstyle.checks.javadoc.JavadocVariableCheck"/>
<error line="47" column="5" severity="error" message="Missing a Javadoc comment." source="com.puppycrawl.tools.checkstyle.checks.javadoc.JavadocVariableCheck"/>
<error line="48" column="5" severity="error" message="Missing a Javadoc comment." source="com.puppycrawl.tools.checkstyle.checks.javadoc.JavadocVariableCheck"/>
<error line="53" column="5" severity="error" message="Method &apos;getName&apos; is not designed for extension - needs to be abstract, final or empty." source="com.puppycrawl.tools.checkstyle.checks.design.DesignForExtensionCheck"/>
<error line="60" column="5" severity="error" message="Method &apos;setName&apos; is not designed for extension - needs to be abstract, final or empty." source="com.puppycrawl.tools.checkstyle.checks.design.DesignForExtensionCheck"/>
<error line="60" column="25" severity="error" message="Parameter name should be final." source="com.puppycrawl.tools.checkstyle.checks.FinalParametersCheck"/>
<error line="60" column="32" severity="error" message="&apos;name&apos; hides a field." source="com.puppycrawl.tools.checkstyle.checks.coding.HiddenFieldCheck"/>
<error line="67" column="5" severity="error" message="Method &apos;getChildren&apos; is not designed for extension - needs to be abstract, final or empty." source="com.puppycrawl.tools.checkstyle.checks.design.DesignForExtensionCheck"/>
<error line="74" column="5" severity="error" message="Method &apos;setChildren&apos; is not designed for extension - needs to be abstract, final or empty." source="com.puppycrawl.tools.checkstyle.checks.design.DesignForExtensionCheck"/>
<error line="74" column="29" severity="error" message="Parameter children should be final." source="com.puppycrawl.tools.checkstyle.checks.FinalParametersCheck"/>
<error line="74" column="50" severity="error" message="&apos;children&apos; hides a field." source="com.puppycrawl.tools.checkstyle.checks.coding.HiddenFieldCheck"/>
<error line="81" column="5" severity="error" message="Method &apos;getType&apos; is not designed for extension - needs to be abstract, final or empty." source="com.puppycrawl.tools.checkstyle.checks.design.DesignForExtensionCheck"/>
<error line="88" column="5" severity="error" message="Method &apos;setType&apos; is not designed for extension - needs to be abstract, final or empty." source="com.puppycrawl.tools.checkstyle.checks.design.DesignForExtensionCheck"/>
<error line="88" column="25" severity="error" message="Parameter type should be final." source="com.puppycrawl.tools.checkstyle.checks.FinalParametersCheck"/>
<error line="88" column="44" severity="error" message="&apos;type&apos; hides a field." source="com.puppycrawl.tools.checkstyle.checks.coding.HiddenFieldCheck"/>
<error line="92" column="5" severity="error" message="Method &apos;addChild&apos; is not designed for extension - needs to be abstract, final or empty." source="com.puppycrawl.tools.checkstyle.checks.design.DesignForExtensionCheck"/>
<error line="92" column="5" severity="error" message="Missing a Javadoc comment." source="com.puppycrawl.tools.checkstyle.checks.javadoc.JavadocMethodCheck"/>
<error line="92" column="26" severity="error" message="Parameter child should be final." source="com.puppycrawl.tools.checkstyle.checks.FinalParametersCheck"/>
<error line="96" column="5" severity="error" message="Method &apos;toString&apos; is not designed for extension - needs to be abstract, final or empty." source="com.puppycrawl.tools.checkstyle.checks.design.DesignForExtensionCheck"/>
<error line="107" column="5" severity="error" message="Method &apos;isComplete&apos; is not designed for extension - needs to be abstract, final or empty." source="com.puppycrawl.tools.checkstyle.checks.design.DesignForExtensionCheck"/>
<error line="114" column="5" severity="error" message="Method &apos;setComplete&apos; is not designed for extension - needs to be abstract, final or empty." source="com.puppycrawl.tools.checkstyle.checks.design.DesignForExtensionCheck"/>
<error line="114" column="29" severity="error" message="Parameter complete should be final." source="com.puppycrawl.tools.checkstyle.checks.FinalParametersCheck"/>
<error line="114" column="37" severity="error" message="&apos;complete&apos; hides a field." source="com.puppycrawl.tools.checkstyle.checks.coding.HiddenFieldCheck"/>
<error line="121" column="5" severity="error" message="Method &apos;getLink&apos; is not designed for extension - needs to be abstract, final or empty." source="com.puppycrawl.tools.checkstyle.checks.design.DesignForExtensionCheck"/>
<error line="128" column="5" severity="error" message="Method &apos;setLink&apos; is not designed for extension - needs to be abstract, final or empty." source="com.puppycrawl.tools.checkstyle.checks.design.DesignForExtensionCheck"/>
<error line="128" column="25" severity="error" message="Parameter link should be final." source="com.puppycrawl.tools.checkstyle.checks.FinalParametersCheck"/>
<error line="128" column="32" severity="error" message="&apos;link&apos; hides a field." source="com.puppycrawl.tools.checkstyle.checks.coding.HiddenFieldCheck"/>
<error line="135" column="5" severity="error" message="Method &apos;isShowSource&apos; is not designed for extension - needs to be abstract, final or empty." source="com.puppycrawl.tools.checkstyle.checks.design.DesignForExtensionCheck"/>
<error line="142" column="5" severity="error" message="Method &apos;setShowSource&apos; is not designed for extension - needs to be abstract, final or empty." source="com.puppycrawl.tools.checkstyle.checks.design.DesignForExtensionCheck"/>
<error line="142" column="31" severity="error" message="Parameter showSource should be final." source="com.puppycrawl.tools.checkstyle.checks.FinalParametersCheck"/>
<error line="142" column="39" severity="error" message="&apos;showSource&apos; hides a field." source="com.puppycrawl.tools.checkstyle.checks.coding.HiddenFieldCheck"/>
<error line="149" column="5" severity="error" message="Method &apos;isShowHints&apos; is not designed for extension - needs to be abstract, final or empty." source="com.puppycrawl.tools.checkstyle.checks.design.DesignForExtensionCheck"/>
<error line="156" column="5" severity="error" message="Method &apos;setShowHints&apos; is not designed for extension - needs to be abstract, final or empty." source="com.puppycrawl.tools.checkstyle.checks.design.DesignForExtensionCheck"/>
<error line="156" column="30" severity="error" message="Parameter showHints should be final." source="com.puppycrawl.tools.checkstyle.checks.FinalParametersCheck"/>
<error line="156" column="38" severity="error" message="&apos;showHints&apos; hides a field." source="com.puppycrawl.tools.checkstyle.checks.coding.HiddenFieldCheck"/>
</file>
</checkstyle>
