<?xml version="1.0" encoding="UTF-8"?>
<checkstyle version="6.10.1">
<file name="C:\Projects\Java\WebGoat-Legacy-master\src\main\java\org\owasp\webgoat\lessons\RandomLessonAdapter.java">
<error line="0" severity="error" message="Missing package-info.java file." source="com.puppycrawl.tools.checkstyle.checks.javadoc.JavadocPackageCheck"/>
<error line="13" severity="error" message="Missing a Javadoc comment." source="com.puppycrawl.tools.checkstyle.checks.javadoc.JavadocTypeCheck"/>
<error line="14" column="1" severity="error" message="&apos;{&apos; at column 1 should be on the previous line." source="com.puppycrawl.tools.checkstyle.checks.blocks.LeftCurlyCheck"/>
<error line="16" column="5" severity="error" message="Missing a Javadoc comment." source="com.puppycrawl.tools.checkstyle.checks.javadoc.JavadocMethodCheck"/>
<error line="18" column="5" severity="error" message="Method &apos;setStage&apos; is not designed for extension - needs to be abstract, final or empty." source="com.puppycrawl.tools.checkstyle.checks.design.DesignForExtensionCheck"/>
<error line="18" column="5" severity="error" message="Missing a Javadoc comment." source="com.puppycrawl.tools.checkstyle.checks.javadoc.JavadocMethodCheck"/>
<error line="18" column="26" severity="error" message="Parameter s should be final." source="com.puppycrawl.tools.checkstyle.checks.FinalParametersCheck"/>
<error line="18" column="40" severity="error" message="Parameter stage should be final." source="com.puppycrawl.tools.checkstyle.checks.FinalParametersCheck"/>
<error line="19" column="5" severity="error" message="&apos;{&apos; at column 5 should be on the previous line." source="com.puppycrawl.tools.checkstyle.checks.blocks.LeftCurlyCheck"/>
<error line="22" column="9" severity="error" message="&apos;{&apos; at column 9 should be on the previous line." source="com.puppycrawl.tools.checkstyle.checks.blocks.LeftCurlyCheck"/>
<error line="30" column="9" severity="error" message="&apos;{&apos; at column 9 should be on the previous line." source="com.puppycrawl.tools.checkstyle.checks.blocks.LeftCurlyCheck"/>
<error line="36" column="5" severity="error" message="Method &apos;getStage&apos; is not designed for extension - needs to be abstract, final or empty." source="com.puppycrawl.tools.checkstyle.checks.design.DesignForExtensionCheck"/>
<error line="36" column="5" severity="error" message="Missing a Javadoc comment." source="com.puppycrawl.tools.checkstyle.checks.javadoc.JavadocMethodCheck"/>
<error line="36" column="28" severity="error" message="Parameter s should be final." source="com.puppycrawl.tools.checkstyle.checks.FinalParametersCheck"/>
<error line="37" column="5" severity="error" message="&apos;{&apos; at column 5 should be on the previous line." source="com.puppycrawl.tools.checkstyle.checks.blocks.LeftCurlyCheck"/>
<error line="41" column="5" severity="error" message="Method &apos;setStageComplete&apos; is not designed for extension - needs to be abstract, final or empty." source="com.puppycrawl.tools.checkstyle.checks.design.DesignForExtensionCheck"/>
<error line="41" column="5" severity="error" message="Missing a Javadoc comment." source="com.puppycrawl.tools.checkstyle.checks.javadoc.JavadocMethodCheck"/>
<error line="41" column="34" severity="error" message="Parameter s should be final." source="com.puppycrawl.tools.checkstyle.checks.FinalParametersCheck"/>
<error line="41" column="48" severity="error" message="Parameter stage should be final." source="com.puppycrawl.tools.checkstyle.checks.FinalParametersCheck"/>
<error line="42" column="5" severity="error" message="&apos;{&apos; at column 5 should be on the previous line." source="com.puppycrawl.tools.checkstyle.checks.blocks.LeftCurlyCheck"/>
<error line="46" column="9" severity="error" message="&apos;{&apos; at column 9 should be on the previous line." source="com.puppycrawl.tools.checkstyle.checks.blocks.LeftCurlyCheck"/>
<error line="48" column="9" severity="error" message="&apos;}&apos; at column 9 should be on the same line." source="com.puppycrawl.tools.checkstyle.checks.blocks.RightCurlyCheck"/>
<error line="50" column="9" severity="error" message="&apos;{&apos; at column 9 should be on the previous line." source="com.puppycrawl.tools.checkstyle.checks.blocks.LeftCurlyCheck"/>
<error line="51" severity="error" message="Line is longer than 80 characters (found 108)." source="com.puppycrawl.tools.checkstyle.checks.sizes.LineLengthCheck"/>
<error line="52" severity="error" message="&apos;if&apos; construct must use &apos;{}&apos;s." source="com.puppycrawl.tools.checkstyle.checks.blocks.NeedBracesCheck"/>
<error line="53" severity="error" message="Line is longer than 80 characters (found 115)." source="com.puppycrawl.tools.checkstyle.checks.sizes.LineLengthCheck"/>
<error line="56" column="9" severity="error" message="&apos;{&apos; at column 9 should be on the previous line." source="com.puppycrawl.tools.checkstyle.checks.blocks.LeftCurlyCheck"/>
<error line="64" column="9" severity="error" message="&apos;{&apos; at column 9 should be on the previous line." source="com.puppycrawl.tools.checkstyle.checks.blocks.LeftCurlyCheck"/>
<error line="70" column="5" severity="error" message="Method &apos;isStageComplete&apos; is not designed for extension - needs to be abstract, final or empty." source="com.puppycrawl.tools.checkstyle.checks.design.DesignForExtensionCheck"/>
<error line="70" column="5" severity="error" message="Missing a Javadoc comment." source="com.puppycrawl.tools.checkstyle.checks.javadoc.JavadocMethodCheck"/>
<error line="70" column="36" severity="error" message="Parameter s should be final." source="com.puppycrawl.tools.checkstyle.checks.FinalParametersCheck"/>
<error line="70" column="50" severity="error" message="Parameter stage should be final." source="com.puppycrawl.tools.checkstyle.checks.FinalParametersCheck"/>
<error line="71" column="5" severity="error" message="&apos;{&apos; at column 5 should be on the previous line." source="com.puppycrawl.tools.checkstyle.checks.blocks.LeftCurlyCheck"/>
<error line="75" column="5" severity="error" message="Method &apos;getLessonTracker&apos; is not designed for extension - needs to be abstract, final or empty." source="com.puppycrawl.tools.checkstyle.checks.design.DesignForExtensionCheck"/>
<error line="76" column="49" severity="error" message="Parameter s should be final." source="com.puppycrawl.tools.checkstyle.checks.FinalParametersCheck"/>
<error line="77" column="5" severity="error" message="&apos;{&apos; at column 5 should be on the previous line." source="com.puppycrawl.tools.checkstyle.checks.blocks.LeftCurlyCheck"/>
<error line="81" column="5" severity="error" message="Method &apos;getLessonTracker&apos; is not designed for extension - needs to be abstract, final or empty." source="com.puppycrawl.tools.checkstyle.checks.design.DesignForExtensionCheck"/>
<error line="82" severity="error" message="Line is longer than 80 characters (found 84)." source="com.puppycrawl.tools.checkstyle.checks.sizes.LineLengthCheck"/>
<error line="82" column="49" severity="error" message="Parameter s should be final." source="com.puppycrawl.tools.checkstyle.checks.FinalParametersCheck"/>
<error line="82" column="63" severity="error" message="Parameter lesson should be final." source="com.puppycrawl.tools.checkstyle.checks.FinalParametersCheck"/>
<error line="83" column="5" severity="error" message="&apos;{&apos; at column 5 should be on the previous line." source="com.puppycrawl.tools.checkstyle.checks.blocks.LeftCurlyCheck"/>
<error line="87" column="5" severity="error" message="Method &apos;getLessonTracker&apos; is not designed for extension - needs to be abstract, final or empty." source="com.puppycrawl.tools.checkstyle.checks.design.DesignForExtensionCheck"/>
<error line="88" severity="error" message="Line is longer than 80 characters (found 86)." source="com.puppycrawl.tools.checkstyle.checks.sizes.LineLengthCheck"/>
<error line="88" column="49" severity="error" message="Parameter s should be final." source="com.puppycrawl.tools.checkstyle.checks.FinalParametersCheck"/>
<error line="88" column="63" severity="error" message="Parameter userNameOverride should be final." source="com.puppycrawl.tools.checkstyle.checks.FinalParametersCheck"/>
<error line="89" column="5" severity="error" message="&apos;{&apos; at column 5 should be on the previous line." source="com.puppycrawl.tools.checkstyle.checks.blocks.LeftCurlyCheck"/>
<error line="90" severity="error" message="Line is longer than 80 characters (found 81)." source="com.puppycrawl.tools.checkstyle.checks.sizes.LineLengthCheck"/>
<error line="93" column="5" severity="error" message="Method &apos;createLessonTracker&apos; is not designed for extension - needs to be abstract, final or empty." source="com.puppycrawl.tools.checkstyle.checks.design.DesignForExtensionCheck"/>
<error line="95" column="5" severity="error" message="&apos;{&apos; at column 5 should be on the previous line." source="com.puppycrawl.tools.checkstyle.checks.blocks.LeftCurlyCheck"/>
</file>
</checkstyle>
